  SDD_seminar3_LD_Circulara.c
D:\FACULTATE\RESTANTE\2.2. SDD recuperare\seminare prof. Ciurea\SDD_seminar3\SDD_seminar3\SDD_seminar3_LD_Circulara.c(59,9): warning C4133: '=': incompatible types - from 'nodLD *' to 'nodLD *'
D:\FACULTATE\RESTANTE\2.2. SDD recuperare\seminare prof. Ciurea\SDD_seminar3\SDD_seminar3\SDD_seminar3_LD_Circulara.c(61,14): warning C4133: '=': incompatible types - from 'nodLD *' to 'nodLD *'
D:\FACULTATE\RESTANTE\2.2. SDD recuperare\seminare prof. Ciurea\SDD_seminar3\SDD_seminar3\SDD_seminar3_LD_Circulara.c(62,13): warning C4133: '=': incompatible types - from 'nodLD *' to 'nodLD *'
D:\FACULTATE\RESTANTE\2.2. SDD recuperare\seminare prof. Ciurea\SDD_seminar3\SDD_seminar3\SDD_seminar3_LD_Circulara.c(90,20): warning C4133: '=': incompatible types - from 'nodLD *' to 'nodLD *'
D:\FACULTATE\RESTANTE\2.2. SDD recuperare\seminare prof. Ciurea\SDD_seminar3\SDD_seminar3\SDD_seminar3_LD_Circulara.c(91,13): warning C4133: '=': incompatible types - from 'nodLD *' to 'nodLD *'
D:\FACULTATE\RESTANTE\2.2. SDD recuperare\seminare prof. Ciurea\SDD_seminar3\SDD_seminar3\SDD_seminar3_LD_Circulara.c(100,20): warning C4133: '!=': incompatible types - from 'nodLD *' to 'nodLD *'
D:\FACULTATE\RESTANTE\2.2. SDD recuperare\seminare prof. Ciurea\SDD_seminar3\SDD_seminar3\SDD_seminar3_LD_Circulara.c(108,8): warning C4133: '=': incompatible types - from 'nodLD *' to 'nodLD *'
D:\FACULTATE\RESTANTE\2.2. SDD recuperare\seminare prof. Ciurea\SDD_seminar3\SDD_seminar3\SDD_seminar3_LD_Circulara.c(122,20): warning C4133: '!=': incompatible types - from 'nodLD *' to 'nodLD *'
D:\FACULTATE\RESTANTE\2.2. SDD recuperare\seminare prof. Ciurea\SDD_seminar3\SDD_seminar3\SDD_seminar3_LD_Circulara.c(130,8): warning C4133: '=': incompatible types - from 'nodLD *' to 'nodLD *'
D:\FACULTATE\RESTANTE\2.2. SDD recuperare\seminare prof. Ciurea\SDD_seminar3\SDD_seminar3\SDD_seminar3_LD_Circulara.c(141,20): warning C4133: '!=': incompatible types - from 'nodLD *' to 'nodLD *'
D:\FACULTATE\RESTANTE\2.2. SDD recuperare\seminare prof. Ciurea\SDD_seminar3\SDD_seminar3\SDD_seminar3_LD_Circulara.c(143,10): warning C4133: 'initializing': incompatible types - from 'nodLD *' to 'nodLD *'
D:\FACULTATE\RESTANTE\2.2. SDD recuperare\seminare prof. Ciurea\SDD_seminar3\SDD_seminar3\SDD_seminar3_LD_Circulara.c(158,20): warning C4133: '!=': incompatible types - from 'nodLD *' to 'nodLD *'
D:\FACULTATE\RESTANTE\2.2. SDD recuperare\seminare prof. Ciurea\SDD_seminar3\SDD_seminar3\SDD_seminar3_LD_Circulara.c(163,8): warning C4133: '=': incompatible types - from 'nodLD *' to 'nodLD *'
D:\FACULTATE\RESTANTE\2.2. SDD recuperare\seminare prof. Ciurea\SDD_seminar3\SDD_seminar3\SDD_seminar3_LD_Circulara.c(178,11): warning C4133: '=': incompatible types - from 'nodLD *' to 'nodLD *'
D:\FACULTATE\RESTANTE\2.2. SDD recuperare\seminare prof. Ciurea\SDD_seminar3\SDD_seminar3\SDD_seminar3_LD_Circulara.c(194,14): warning C4133: '=': incompatible types - from 'nodLD *' to 'nodLD *'
D:\FACULTATE\RESTANTE\2.2. SDD recuperare\seminare prof. Ciurea\SDD_seminar3\SDD_seminar3\SDD_seminar3_LD_Circulara.c(214,22): warning C4133: '=': incompatible types - from 'nodLD *' to 'nodLD *'
D:\FACULTATE\RESTANTE\2.2. SDD recuperare\seminare prof. Ciurea\SDD_seminar3\SDD_seminar3\SDD_seminar3_LD_Circulara.c(215,22): warning C4133: '=': incompatible types - from 'nodLD *' to 'nodLD *'
D:\FACULTATE\RESTANTE\2.2. SDD recuperare\seminare prof. Ciurea\SDD_seminar3\SDD_seminar3\SDD_seminar3_LD_Circulara.c(224,12): warning C4133: '=': incompatible types - from 'nodLD *' to 'nodLD *'
D:\FACULTATE\RESTANTE\2.2. SDD recuperare\seminare prof. Ciurea\SDD_seminar3\SDD_seminar3\SDD_seminar3_LD_Circulara.c(211,14): warning C4133: 'initializing': incompatible types - from 'nodLD *' to 'nodLD *'
D:\FACULTATE\RESTANTE\2.2. SDD recuperare\seminare prof. Ciurea\SDD_seminar3\SDD_seminar3\SDD_seminar3_LD_Circulara.c(212,14): warning C4133: 'initializing': incompatible types - from 'nodLD *' to 'nodLD *'
D:\FACULTATE\RESTANTE\2.2. SDD recuperare\seminare prof. Ciurea\SDD_seminar3\SDD_seminar3\SDD_seminar3_LD_Circulara.c(257,29): warning C4047: 'function': 'nodLD *' differs in levels of indirection from 'nodLD **'
D:\FACULTATE\RESTANTE\2.2. SDD recuperare\seminare prof. Ciurea\SDD_seminar3\SDD_seminar3\SDD_seminar3_LD_Circulara.c(257,29): warning C4024: 'insereazaNodFinal': different types for formal and actual parameter 1
  SDD_seminar3.vcxproj -> D:\FACULTATE\RESTANTE\2.2. SDD recuperare\seminare prof. Ciurea\SDD_seminar3\x64\Debug\SDD_seminar3.exe
